{
  "type": "message",
  "text": "",
  "files": [
    {
      "id": "F01AXL03GG5",
      "created": 1600526998,
      "timestamp": 1600526998,
      "name": "handa_sintyoku.jpg",
      "title": "handa_sintyoku.jpg",
      "mimetype": "image/jpeg",
      "filetype": "jpg",
      "pretty_type": "JPEG",
      "user": "W015G22G970",
      "editable": false,
      "size": 6485,
      "mode": "hosted",
      "is_external": false,
      "external_type": "",
      "is_public": false,
      "public_url_shared": false,
      "display_as_bot": false,
      "username": "",
      "url_private": "https://files.slack.com/files-pri/T013R9A9CA0-F01AXL03GG5/handa_sintyoku.jpg",
      "url_private_download": "https://files.slack.com/files-pri/T013R9A9CA0-F01AXL03GG5/download/handa_sintyoku.jpg",
      "thumb_64": "https://files.slack.com/files-tmb/T013R9A9CA0-F01AXL03GG5-cef82a4cb9/handa_sintyoku_64.jpg",
      "thumb_80": "https://files.slack.com/files-tmb/T013R9A9CA0-F01AXL03GG5-cef82a4cb9/handa_sintyoku_80.jpg",
      "thumb_360": "https://files.slack.com/files-tmb/T013R9A9CA0-F01AXL03GG5-cef82a4cb9/handa_sintyoku_360.jpg",
      "thumb_360_w": 130,
      "thumb_360_h": 160,
      "thumb_160": "https://files.slack.com/files-tmb/T013R9A9CA0-F01AXL03GG5-cef82a4cb9/handa_sintyoku_160.jpg",
      "original_w": 130,
      "original_h": 160,
      "thumb_tiny": "AwAwACeVLcqw/fMcHkYpl1K8Em1JM8dPSrAPzH/fA/Wqq25lkMrnlmJwfSgYz7bcDGGGPpU8N3I7BW289yKe8Me0LxVW4h8pgVzilcLFrzm7xLS+cf8AnkPzqNZ0wP3sufoKXzk/56yf98inYQkTkmPJ5Z8mpGB5ycDPpUURzLH7nP6mpZgwcgY9eaQ0IRyMEA+wzRKpMRBbI+lRj73yhQO5FSxHcCDzSKZTI2tikzRhjjgnIzS7H/un8qsgt+c6gFjzjP3RQzsfvsPUEDp9aieRCTnP5UvnIcNzlRzwakrQd9/+L5ScU9JFjUgdcdSOKjjctGXIOxe5HX8KiZ1YYCljjjsBRYNCwZHzgBM+68UeZN6Q1XkIZFUDnvio/LH900xH/9k=",
      "permalink": "https://kindai.enterprise.slack.com/files/W015G22G970/F01AXL03GG5/handa_sintyoku.jpg",
      "permalink_public": "https://slack-files.com/T013R9A9CA0-F01AXL03GG5-3617d74d04",
      "has_rich_preview": false
    }
  ],
  "upload": false,
  "user": "W015G22G970",
  "display_as_bot": false,
  "ts": "1600527000.002400",
  "thread_ts": "1600526819.001400",
  "parent_user_id": "W01AVA2GS3S",
  "channel": "C018W4K7RJN",
  "subtype": "file_share",
  "event_ts": "1600527000.002400",
  "channel_type": "channel"
}
